2024-12-23 16:11:04,938 - INFO - Aggregating last 2 layers' parameters...
2024-12-23 16:11:05,024 - INFO - Aggregating LoRA parameters...
2024-12-23 16:11:06,237 - INFO - Initial accuracy of client 1: 0.551605504587156
2024-12-23 16:11:06,426 - INFO - Initial accuracy of client 2: 0.551605504587156
2024-12-23 16:11:06,618 - INFO - Initial accuracy of client 3: 0.551605504587156
2024-12-23 16:11:06,811 - INFO - Initial accuracy of client 4: 0.551605504587156
2024-12-23 16:11:06,998 - INFO - Initial accuracy of client 5: 0.551605504587156
2024-12-23 16:11:07,185 - INFO - Initial accuracy of client 6: 0.551605504587156
2024-12-23 16:11:07,375 - INFO - Initial accuracy of client 7: 0.551605504587156
2024-12-23 16:11:07,376 - INFO - Aggregating LoRA parameters with DFL method...
2024-12-23 16:11:07,569 - INFO - LoRA parameters aggregated with DFL.
2024-12-23 16:11:07,584 - INFO - Round 1/5
2024-12-23 16:11:08,604 - INFO - Client 1 - Loss: 0.5448336005210876, Accuracy: 0.5091743119266054
2024-12-23 16:11:11,170 - INFO - Client 2 - Loss: 0.12792524695396423, Accuracy: 0.4908256880733945
2024-12-23 16:11:12,336 - INFO - Client 3 - Loss: 0.04533279314637184, Accuracy: 0.5091743119266054
2024-12-23 16:11:15,701 - INFO - Client 4 - Loss: 0.18434470891952515, Accuracy: 0.4908256880733945
2024-12-23 16:11:26,371 - INFO - Client 5 - Loss: 0.06809762120246887, Accuracy: 0.5091743119266054
2024-12-23 16:11:30,274 - INFO - Client 6 - Loss: 0.04393616318702698, Accuracy: 0.4908256880733945
2024-12-23 16:11:31,449 - INFO - Client 7 - Loss: 1.207506466016639e-05, Accuracy: 0.4908256880733945
2024-12-23 16:11:31,449 - INFO - Aggregating LoRA parameters with DFL method...
2024-12-23 16:11:31,733 - INFO - LoRA parameters aggregated with DFL.
2024-12-23 16:11:31,753 - INFO - Round 1 - Parameter Difference: 1.6414528031434332
2024-12-23 16:11:31,971 - INFO - Accuracy of client 1 after round 1: 0.5091743119266054
2024-12-23 16:11:32,189 - INFO - Accuracy of client 2 after round 1: 0.4908256880733945
2024-12-23 16:11:32,408 - INFO - Accuracy of client 3 after round 1: 0.5091743119266054
2024-12-23 16:11:32,609 - INFO - Accuracy of client 4 after round 1: 0.4908256880733945
2024-12-23 16:11:32,799 - INFO - Accuracy of client 5 after round 1: 0.5091743119266054
2024-12-23 16:11:32,993 - INFO - Accuracy of client 6 after round 1: 0.4908256880733945
2024-12-23 16:11:33,188 - INFO - Accuracy of client 7 after round 1: 0.4908256880733945
2024-12-23 16:11:33,188 - INFO - Parameter Difference record: [0.0, 1.6414528031434332]
2024-12-23 16:11:33,188 - INFO - Accuracies after round 1: [[0.551605504587156, 0.5091743119266054], [0.551605504587156, 0.4908256880733945], [0.551605504587156, 0.5091743119266054], [0.551605504587156, 0.4908256880733945], [0.551605504587156, 0.5091743119266054], [0.551605504587156, 0.4908256880733945], [0.551605504587156, 0.4908256880733945]]
2024-12-23 16:11:33,188 - INFO - Round 2/5
2024-12-23 16:11:34,204 - INFO - Client 1 - Loss: 0.5577898025512695, Accuracy: 0.5091743119266054
2024-12-23 16:11:36,796 - INFO - Client 2 - Loss: 0.18130789697170258, Accuracy: 0.5493119266055045
2024-12-23 16:11:37,941 - INFO - Client 3 - Loss: 0.02597085013985634, Accuracy: 0.5091743119266054
2024-12-23 16:11:41,321 - INFO - Client 4 - Loss: 0.11529207229614258, Accuracy: 0.625
2024-12-23 16:11:52,047 - INFO - Client 5 - Loss: 0.06817957758903503, Accuracy: 0.5091743119266054
2024-12-23 16:11:55,960 - INFO - Client 6 - Loss: 0.04529860243201256, Accuracy: 0.625
2024-12-23 16:11:57,134 - INFO - Client 7 - Loss: 0.000517672800924629, Accuracy: 0.4908256880733945
2024-12-23 16:11:57,134 - INFO - Aggregating LoRA parameters with DFL method...
2024-12-23 16:11:57,414 - INFO - LoRA parameters aggregated with DFL.
2024-12-23 16:11:57,434 - INFO - Round 2 - Parameter Difference: 2.116416245698929
2024-12-23 16:11:57,650 - INFO - Accuracy of client 1 after round 2: 0.5091743119266054
2024-12-23 16:11:57,869 - INFO - Accuracy of client 2 after round 2: 0.4908256880733945
2024-12-23 16:11:58,086 - INFO - Accuracy of client 3 after round 2: 0.5091743119266054
2024-12-23 16:11:58,300 - INFO - Accuracy of client 4 after round 2: 0.5298165137614679
2024-12-23 16:11:58,514 - INFO - Accuracy of client 5 after round 2: 0.5091743119266054
2024-12-23 16:11:58,734 - INFO - Accuracy of client 6 after round 2: 0.4919724770642202
2024-12-23 16:11:58,950 - INFO - Accuracy of client 7 after round 2: 0.4908256880733945
2024-12-23 16:11:58,951 - INFO - Parameter Difference record: [0.0, 1.6414528031434332, 2.116416245698929]
2024-12-23 16:11:58,951 - INFO - Accuracies after round 2: [[0.551605504587156, 0.5091743119266054, 0.5091743119266054], [0.551605504587156, 0.4908256880733945, 0.4908256880733945], [0.551605504587156, 0.5091743119266054, 0.5091743119266054], [0.551605504587156, 0.4908256880733945, 0.5298165137614679], [0.551605504587156, 0.5091743119266054, 0.5091743119266054], [0.551605504587156, 0.4908256880733945, 0.4919724770642202], [0.551605504587156, 0.4908256880733945, 0.4908256880733945]]
2024-12-23 16:11:58,951 - INFO - Round 3/5
2024-12-23 16:11:59,996 - INFO - Client 1 - Loss: 0.32704347372055054, Accuracy: 0.5091743119266054
2024-12-23 16:12:02,632 - INFO - Client 2 - Loss: 0.15050897002220154, Accuracy: 0.4919724770642202
2024-12-23 16:12:03,817 - INFO - Client 3 - Loss: 0.06239320710301399, Accuracy: 0.5091743119266054
2024-12-23 16:12:07,217 - INFO - Client 4 - Loss: 0.08260642737150192, Accuracy: 0.7454128440366973
2024-12-23 16:12:17,952 - INFO - Client 5 - Loss: 0.04373134300112724, Accuracy: 0.5091743119266054
2024-12-23 16:12:21,862 - INFO - Client 6 - Loss: 0.03427949547767639, Accuracy: 0.658256880733945
2024-12-23 16:12:23,025 - INFO - Client 7 - Loss: 0.0006947614019736648, Accuracy: 0.4908256880733945
2024-12-23 16:12:23,026 - INFO - Aggregating LoRA parameters with DFL method...
2024-12-23 16:12:23,302 - INFO - LoRA parameters aggregated with DFL.
2024-12-23 16:12:23,321 - INFO - Round 3 - Parameter Difference: 2.4487792743103847
2024-12-23 16:12:23,532 - INFO - Accuracy of client 1 after round 3: 0.5091743119266054
2024-12-23 16:12:23,744 - INFO - Accuracy of client 2 after round 3: 0.5160550458715596
2024-12-23 16:12:23,955 - INFO - Accuracy of client 3 after round 3: 0.5091743119266054
2024-12-23 16:12:24,167 - INFO - Accuracy of client 4 after round 3: 0.786697247706422
2024-12-23 16:12:24,379 - INFO - Accuracy of client 5 after round 3: 0.5091743119266054
2024-12-23 16:12:24,604 - INFO - Accuracy of client 6 after round 3: 0.5814220183486238
2024-12-23 16:12:24,815 - INFO - Accuracy of client 7 after round 3: 0.4908256880733945
2024-12-23 16:12:24,815 - INFO - Parameter Difference record: [0.0, 1.6414528031434332, 2.116416245698929, 2.4487792743103847]
2024-12-23 16:12:24,815 - INFO - Accuracies after round 3: [[0.551605504587156, 0.5091743119266054, 0.5091743119266054, 0.5091743119266054], [0.551605504587156, 0.4908256880733945, 0.4908256880733945, 0.5160550458715596], [0.551605504587156, 0.5091743119266054, 0.5091743119266054, 0.5091743119266054], [0.551605504587156, 0.4908256880733945, 0.5298165137614679, 0.786697247706422], [0.551605504587156, 0.5091743119266054, 0.5091743119266054, 0.5091743119266054], [0.551605504587156, 0.4908256880733945, 0.4919724770642202, 0.5814220183486238], [0.551605504587156, 0.4908256880733945, 0.4908256880733945, 0.4908256880733945]]
2024-12-23 16:12:24,815 - INFO - Round 4/5
2024-12-23 16:12:25,871 - INFO - Client 1 - Loss: 0.22865161299705505, Accuracy: 0.5997706422018348
2024-12-23 16:12:28,502 - INFO - Client 2 - Loss: 0.1513376384973526, Accuracy: 0.5951834862385321
2024-12-23 16:12:29,680 - INFO - Client 3 - Loss: 0.07388334721326828, Accuracy: 0.5538990825688074
2024-12-23 16:12:33,078 - INFO - Client 4 - Loss: 0.10677272081375122, Accuracy: 0.7155963302752294
2024-12-23 16:12:43,786 - INFO - Client 5 - Loss: 0.07515335828065872, Accuracy: 0.5091743119266054
2024-12-23 16:12:47,704 - INFO - Client 6 - Loss: 0.0455031581223011, Accuracy: 0.680045871559633
2024-12-23 16:12:48,873 - INFO - Client 7 - Loss: 0.0017943711718544364, Accuracy: 0.4908256880733945
2024-12-23 16:12:48,874 - INFO - Aggregating LoRA parameters with DFL method...
2024-12-23 16:12:49,164 - INFO - LoRA parameters aggregated with DFL.
2024-12-23 16:12:49,185 - INFO - Round 4 - Parameter Difference: 2.6153316838400706
2024-12-23 16:12:49,400 - INFO - Accuracy of client 1 after round 4: 0.5711009174311926
2024-12-23 16:12:49,617 - INFO - Accuracy of client 2 after round 4: 0.7087155963302753
2024-12-23 16:12:49,832 - INFO - Accuracy of client 3 after round 4: 0.5114678899082569
2024-12-23 16:12:50,050 - INFO - Accuracy of client 4 after round 4: 0.7947247706422018
2024-12-23 16:12:50,270 - INFO - Accuracy of client 5 after round 4: 0.5091743119266054
2024-12-23 16:12:50,483 - INFO - Accuracy of client 6 after round 4: 0.7110091743119266
2024-12-23 16:12:50,698 - INFO - Accuracy of client 7 after round 4: 0.4908256880733945
2024-12-23 16:12:50,698 - INFO - Parameter Difference record: [0.0, 1.6414528031434332, 2.116416245698929, 2.4487792743103847, 2.6153316838400706]
2024-12-23 16:12:50,698 - INFO - Accuracies after round 4: [[0.551605504587156, 0.5091743119266054, 0.5091743119266054, 0.5091743119266054, 0.5711009174311926], [0.551605504587156, 0.4908256880733945, 0.4908256880733945, 0.5160550458715596, 0.7087155963302753], [0.551605504587156, 0.5091743119266054, 0.5091743119266054, 0.5091743119266054, 0.5114678899082569], [0.551605504587156, 0.4908256880733945, 0.5298165137614679, 0.786697247706422, 0.7947247706422018], [0.551605504587156, 0.5091743119266054, 0.5091743119266054, 0.5091743119266054, 0.5091743119266054], [0.551605504587156, 0.4908256880733945, 0.4919724770642202, 0.5814220183486238, 0.7110091743119266], [0.551605504587156, 0.4908256880733945, 0.4908256880733945, 0.4908256880733945, 0.4908256880733945]]
2024-12-23 16:12:50,698 - INFO - Round 5/5
2024-12-23 16:12:51,754 - INFO - Client 1 - Loss: 0.20448307693004608, Accuracy: 0.5768348623853211
2024-12-23 16:12:54,399 - INFO - Client 2 - Loss: 0.10647266358137131, Accuracy: 0.6410550458715596
2024-12-23 16:12:55,584 - INFO - Client 3 - Loss: 0.05613839998841286, Accuracy: 0.5275229357798165
2024-12-23 16:12:58,985 - INFO - Client 4 - Loss: 0.07831928133964539, Accuracy: 0.7844036697247706
2024-12-23 16:13:09,727 - INFO - Client 5 - Loss: 0.06684307008981705, Accuracy: 0.5091743119266054
2024-12-23 16:13:13,647 - INFO - Client 6 - Loss: 0.03538919985294342, Accuracy: 0.7190366972477065
2024-12-23 16:13:14,820 - INFO - Client 7 - Loss: 0.0004323235771153122, Accuracy: 0.4908256880733945
2024-12-23 16:13:14,820 - INFO - Aggregating LoRA parameters with DFL method...
2024-12-23 16:13:15,108 - INFO - LoRA parameters aggregated with DFL.
2024-12-23 16:13:15,127 - INFO - Round 5 - Parameter Difference: 2.7436018948044096
2024-12-23 16:13:15,341 - INFO - Accuracy of client 1 after round 5: 0.6903669724770642
2024-12-23 16:13:15,557 - INFO - Accuracy of client 2 after round 5: 0.7740825688073395
2024-12-23 16:13:15,776 - INFO - Accuracy of client 3 after round 5: 0.5275229357798165
2024-12-23 16:13:15,994 - INFO - Accuracy of client 4 after round 5: 0.8268348623853211
2024-12-23 16:13:16,209 - INFO - Accuracy of client 5 after round 5: 0.5091743119266054
2024-12-23 16:13:16,425 - INFO - Accuracy of client 6 after round 5: 0.7431192660550459
2024-12-23 16:13:16,644 - INFO - Accuracy of client 7 after round 5: 0.4908256880733945
2024-12-23 16:13:16,644 - INFO - Parameter Difference record: [0.0, 1.6414528031434332, 2.116416245698929, 2.4487792743103847, 2.6153316838400706, 2.7436018948044096]
2024-12-23 16:13:16,645 - INFO - Accuracies after round 5: [[0.551605504587156, 0.5091743119266054, 0.5091743119266054, 0.5091743119266054, 0.5711009174311926, 0.6903669724770642], [0.551605504587156, 0.4908256880733945, 0.4908256880733945, 0.5160550458715596, 0.7087155963302753, 0.7740825688073395], [0.551605504587156, 0.5091743119266054, 0.5091743119266054, 0.5091743119266054, 0.5114678899082569, 0.5275229357798165], [0.551605504587156, 0.4908256880733945, 0.5298165137614679, 0.786697247706422, 0.7947247706422018, 0.8268348623853211], [0.551605504587156, 0.5091743119266054, 0.5091743119266054, 0.5091743119266054, 0.5091743119266054, 0.5091743119266054], [0.551605504587156, 0.4908256880733945, 0.4919724770642202, 0.5814220183486238, 0.7110091743119266, 0.7431192660550459], [0.551605504587156, 0.4908256880733945, 0.4908256880733945, 0.4908256880733945, 0.4908256880733945, 0.4908256880733945]]
